Determining if the __sparc exist failed with the following output:
Change Dir: /home/pedrosa/OneDrive/Code/TFSim/systemc-2.3.3/build/CMakeFiles/CMakeTmp

Run Build Command(s):/usr/bin/gmake -f Makefile cmTC_1d5ac/fast && /usr/bin/gmake  -f CMakeFiles/cmTC_1d5ac.dir/build.make CMakeFiles/cmTC_1d5ac.dir/build
gmake[1]: Entering directory '/home/pedrosa/OneDrive/Code/TFSim/systemc-2.3.3/build/CMakeFiles/CMakeTmp'
Building C object CMakeFiles/cmTC_1d5ac.dir/CheckSymbolExists.c.o
/usr/bin/cc    -o CMakeFiles/cmTC_1d5ac.dir/CheckSymbolExists.c.o -c /home/pedrosa/OneDrive/Code/TFSim/systemc-2.3.3/build/CMakeFiles/CMakeTmp/CheckSymbolExists.c
/home/pedrosa/OneDrive/Code/TFSim/systemc-2.3.3/build/CMakeFiles/CMakeTmp/CheckSymbolExists.c: In function ‘main’:
/home/pedrosa/OneDrive/Code/TFSim/systemc-2.3.3/build/CMakeFiles/CMakeTmp/CheckSymbolExists.c:7:19: error: ‘__sparc’ undeclared (first use in this function)
    7 |   return ((int*)(&__sparc))[argc];
      |                   ^~~~~~~
/home/pedrosa/OneDrive/Code/TFSim/systemc-2.3.3/build/CMakeFiles/CMakeTmp/CheckSymbolExists.c:7:19: note: each undeclared identifier is reported only once for each function it appears in
gmake[1]: *** [CMakeFiles/cmTC_1d5ac.dir/build.make:78: CMakeFiles/cmTC_1d5ac.dir/CheckSymbolExists.c.o] Error 1
gmake[1]: Leaving directory '/home/pedrosa/OneDrive/Code/TFSim/systemc-2.3.3/build/CMakeFiles/CMakeTmp'
gmake: *** [Makefile:127: cmTC_1d5ac/fast] Error 2


File /home/pedrosa/OneDrive/Code/TFSim/systemc-2.3.3/build/CMakeFiles/CMakeTmp/CheckSymbolExists.c:
/* */

int main(int argc, char** argv)
{
  (void)argv;
#ifndef __sparc
  return ((int*)(&__sparc))[argc];
#else
  (void)argc;
  return 0;
#endif
}
Determining if the __sparc__ exist failed with the following output:
Change Dir: /home/pedrosa/OneDrive/Code/TFSim/systemc-2.3.3/build/CMakeFiles/CMakeTmp

Run Build Command(s):/usr/bin/gmake -f Makefile cmTC_a3f83/fast && /usr/bin/gmake  -f CMakeFiles/cmTC_a3f83.dir/build.make CMakeFiles/cmTC_a3f83.dir/build
gmake[1]: Entering directory '/home/pedrosa/OneDrive/Code/TFSim/systemc-2.3.3/build/CMakeFiles/CMakeTmp'
Building C object CMakeFiles/cmTC_a3f83.dir/CheckSymbolExists.c.o
/usr/bin/cc    -o CMakeFiles/cmTC_a3f83.dir/CheckSymbolExists.c.o -c /home/pedrosa/OneDrive/Code/TFSim/systemc-2.3.3/build/CMakeFiles/CMakeTmp/CheckSymbolExists.c
/home/pedrosa/OneDrive/Code/TFSim/systemc-2.3.3/build/CMakeFiles/CMakeTmp/CheckSymbolExists.c: In function ‘main’:
/home/pedrosa/OneDrive/Code/TFSim/systemc-2.3.3/build/CMakeFiles/CMakeTmp/CheckSymbolExists.c:7:19: error: ‘__sparc__’ undeclared (first use in this function)
    7 |   return ((int*)(&__sparc__))[argc];
      |                   ^~~~~~~~~
/home/pedrosa/OneDrive/Code/TFSim/systemc-2.3.3/build/CMakeFiles/CMakeTmp/CheckSymbolExists.c:7:19: note: each undeclared identifier is reported only once for each function it appears in
gmake[1]: *** [CMakeFiles/cmTC_a3f83.dir/build.make:78: CMakeFiles/cmTC_a3f83.dir/CheckSymbolExists.c.o] Error 1
gmake[1]: Leaving directory '/home/pedrosa/OneDrive/Code/TFSim/systemc-2.3.3/build/CMakeFiles/CMakeTmp'
gmake: *** [Makefile:127: cmTC_a3f83/fast] Error 2


File /home/pedrosa/OneDrive/Code/TFSim/systemc-2.3.3/build/CMakeFiles/CMakeTmp/CheckSymbolExists.c:
/* */

int main(int argc, char** argv)
{
  (void)argv;
#ifndef __sparc__
  return ((int*)(&__sparc__))[argc];
#else
  (void)argc;
  return 0;
#endif
}
Determining if the __hppa exist failed with the following output:
Change Dir: /home/pedrosa/OneDrive/Code/TFSim/systemc-2.3.3/build/CMakeFiles/CMakeTmp

Run Build Command(s):/usr/bin/gmake -f Makefile cmTC_b3726/fast && /usr/bin/gmake  -f CMakeFiles/cmTC_b3726.dir/build.make CMakeFiles/cmTC_b3726.dir/build
gmake[1]: Entering directory '/home/pedrosa/OneDrive/Code/TFSim/systemc-2.3.3/build/CMakeFiles/CMakeTmp'
Building C object CMakeFiles/cmTC_b3726.dir/CheckSymbolExists.c.o
/usr/bin/cc    -o CMakeFiles/cmTC_b3726.dir/CheckSymbolExists.c.o -c /home/pedrosa/OneDrive/Code/TFSim/systemc-2.3.3/build/CMakeFiles/CMakeTmp/CheckSymbolExists.c
/home/pedrosa/OneDrive/Code/TFSim/systemc-2.3.3/build/CMakeFiles/CMakeTmp/CheckSymbolExists.c: In function ‘main’:
/home/pedrosa/OneDrive/Code/TFSim/systemc-2.3.3/build/CMakeFiles/CMakeTmp/CheckSymbolExists.c:7:19: error: ‘__hppa’ undeclared (first use in this function)
    7 |   return ((int*)(&__hppa))[argc];
      |                   ^~~~~~
/home/pedrosa/OneDrive/Code/TFSim/systemc-2.3.3/build/CMakeFiles/CMakeTmp/CheckSymbolExists.c:7:19: note: each undeclared identifier is reported only once for each function it appears in
gmake[1]: *** [CMakeFiles/cmTC_b3726.dir/build.make:78: CMakeFiles/cmTC_b3726.dir/CheckSymbolExists.c.o] Error 1
gmake[1]: Leaving directory '/home/pedrosa/OneDrive/Code/TFSim/systemc-2.3.3/build/CMakeFiles/CMakeTmp'
gmake: *** [Makefile:127: cmTC_b3726/fast] Error 2


File /home/pedrosa/OneDrive/Code/TFSim/systemc-2.3.3/build/CMakeFiles/CMakeTmp/CheckSymbolExists.c:
/* */

int main(int argc, char** argv)
{
  (void)argv;
#ifndef __hppa
  return ((int*)(&__hppa))[argc];
#else
  (void)argc;
  return 0;
#endif
}
Determining if the __i386 exist failed with the following output:
Change Dir: /home/pedrosa/OneDrive/Code/TFSim/systemc-2.3.3/build/CMakeFiles/CMakeTmp

Run Build Command(s):/usr/bin/gmake -f Makefile cmTC_4f627/fast && /usr/bin/gmake  -f CMakeFiles/cmTC_4f627.dir/build.make CMakeFiles/cmTC_4f627.dir/build
gmake[1]: Entering directory '/home/pedrosa/OneDrive/Code/TFSim/systemc-2.3.3/build/CMakeFiles/CMakeTmp'
Building C object CMakeFiles/cmTC_4f627.dir/CheckSymbolExists.c.o
/usr/bin/cc    -o CMakeFiles/cmTC_4f627.dir/CheckSymbolExists.c.o -c /home/pedrosa/OneDrive/Code/TFSim/systemc-2.3.3/build/CMakeFiles/CMakeTmp/CheckSymbolExists.c
/home/pedrosa/OneDrive/Code/TFSim/systemc-2.3.3/build/CMakeFiles/CMakeTmp/CheckSymbolExists.c: In function ‘main’:
/home/pedrosa/OneDrive/Code/TFSim/systemc-2.3.3/build/CMakeFiles/CMakeTmp/CheckSymbolExists.c:7:19: error: ‘__i386’ undeclared (first use in this function)
    7 |   return ((int*)(&__i386))[argc];
      |                   ^~~~~~
/home/pedrosa/OneDrive/Code/TFSim/systemc-2.3.3/build/CMakeFiles/CMakeTmp/CheckSymbolExists.c:7:19: note: each undeclared identifier is reported only once for each function it appears in
gmake[1]: *** [CMakeFiles/cmTC_4f627.dir/build.make:78: CMakeFiles/cmTC_4f627.dir/CheckSymbolExists.c.o] Error 1
gmake[1]: Leaving directory '/home/pedrosa/OneDrive/Code/TFSim/systemc-2.3.3/build/CMakeFiles/CMakeTmp'
gmake: *** [Makefile:127: cmTC_4f627/fast] Error 2


File /home/pedrosa/OneDrive/Code/TFSim/systemc-2.3.3/build/CMakeFiles/CMakeTmp/CheckSymbolExists.c:
/* */

int main(int argc, char** argv)
{
  (void)argv;
#ifndef __i386
  return ((int*)(&__i386))[argc];
#else
  (void)argc;
  return 0;
#endif
}
Determining if the __aarch64__ exist failed with the following output:
Change Dir: /home/pedrosa/OneDrive/Code/TFSim/systemc-2.3.3/build/CMakeFiles/CMakeTmp

Run Build Command(s):/usr/bin/gmake -f Makefile cmTC_5989d/fast && /usr/bin/gmake  -f CMakeFiles/cmTC_5989d.dir/build.make CMakeFiles/cmTC_5989d.dir/build
gmake[1]: Entering directory '/home/pedrosa/OneDrive/Code/TFSim/systemc-2.3.3/build/CMakeFiles/CMakeTmp'
Building C object CMakeFiles/cmTC_5989d.dir/CheckSymbolExists.c.o
/usr/bin/cc    -o CMakeFiles/cmTC_5989d.dir/CheckSymbolExists.c.o -c /home/pedrosa/OneDrive/Code/TFSim/systemc-2.3.3/build/CMakeFiles/CMakeTmp/CheckSymbolExists.c
/home/pedrosa/OneDrive/Code/TFSim/systemc-2.3.3/build/CMakeFiles/CMakeTmp/CheckSymbolExists.c: In function ‘main’:
/home/pedrosa/OneDrive/Code/TFSim/systemc-2.3.3/build/CMakeFiles/CMakeTmp/CheckSymbolExists.c:7:19: error: ‘__aarch64__’ undeclared (first use in this function)
    7 |   return ((int*)(&__aarch64__))[argc];
      |                   ^~~~~~~~~~~
/home/pedrosa/OneDrive/Code/TFSim/systemc-2.3.3/build/CMakeFiles/CMakeTmp/CheckSymbolExists.c:7:19: note: each undeclared identifier is reported only once for each function it appears in
gmake[1]: *** [CMakeFiles/cmTC_5989d.dir/build.make:78: CMakeFiles/cmTC_5989d.dir/CheckSymbolExists.c.o] Error 1
gmake[1]: Leaving directory '/home/pedrosa/OneDrive/Code/TFSim/systemc-2.3.3/build/CMakeFiles/CMakeTmp'
gmake: *** [Makefile:127: cmTC_5989d/fast] Error 2


File /home/pedrosa/OneDrive/Code/TFSim/systemc-2.3.3/build/CMakeFiles/CMakeTmp/CheckSymbolExists.c:
/* */

int main(int argc, char** argv)
{
  (void)argv;
#ifndef __aarch64__
  return ((int*)(&__aarch64__))[argc];
#else
  (void)argc;
  return 0;
#endif
}
Determining if the __ppc__ exist failed with the following output:
Change Dir: /home/pedrosa/OneDrive/Code/TFSim/systemc-2.3.3/build/CMakeFiles/CMakeTmp

Run Build Command(s):/usr/bin/gmake -f Makefile cmTC_6c099/fast && /usr/bin/gmake  -f CMakeFiles/cmTC_6c099.dir/build.make CMakeFiles/cmTC_6c099.dir/build
gmake[1]: Entering directory '/home/pedrosa/OneDrive/Code/TFSim/systemc-2.3.3/build/CMakeFiles/CMakeTmp'
Building C object CMakeFiles/cmTC_6c099.dir/CheckSymbolExists.c.o
/usr/bin/cc    -o CMakeFiles/cmTC_6c099.dir/CheckSymbolExists.c.o -c /home/pedrosa/OneDrive/Code/TFSim/systemc-2.3.3/build/CMakeFiles/CMakeTmp/CheckSymbolExists.c
/home/pedrosa/OneDrive/Code/TFSim/systemc-2.3.3/build/CMakeFiles/CMakeTmp/CheckSymbolExists.c: In function ‘main’:
/home/pedrosa/OneDrive/Code/TFSim/systemc-2.3.3/build/CMakeFiles/CMakeTmp/CheckSymbolExists.c:7:19: error: ‘__ppc__’ undeclared (first use in this function)
    7 |   return ((int*)(&__ppc__))[argc];
      |                   ^~~~~~~
/home/pedrosa/OneDrive/Code/TFSim/systemc-2.3.3/build/CMakeFiles/CMakeTmp/CheckSymbolExists.c:7:19: note: each undeclared identifier is reported only once for each function it appears in
gmake[1]: *** [CMakeFiles/cmTC_6c099.dir/build.make:78: CMakeFiles/cmTC_6c099.dir/CheckSymbolExists.c.o] Error 1
gmake[1]: Leaving directory '/home/pedrosa/OneDrive/Code/TFSim/systemc-2.3.3/build/CMakeFiles/CMakeTmp'
gmake: *** [Makefile:127: cmTC_6c099/fast] Error 2


File /home/pedrosa/OneDrive/Code/TFSim/systemc-2.3.3/build/CMakeFiles/CMakeTmp/CheckSymbolExists.c:
/* */

int main(int argc, char** argv)
{
  (void)argv;
#ifndef __ppc__
  return ((int*)(&__ppc__))[argc];
#else
  (void)argc;
  return 0;
#endif
}
Determining if the __powerpc exist failed with the following output:
Change Dir: /home/pedrosa/OneDrive/Code/TFSim/systemc-2.3.3/build/CMakeFiles/CMakeTmp

Run Build Command(s):/usr/bin/gmake -f Makefile cmTC_8becb/fast && /usr/bin/gmake  -f CMakeFiles/cmTC_8becb.dir/build.make CMakeFiles/cmTC_8becb.dir/build
gmake[1]: Entering directory '/home/pedrosa/OneDrive/Code/TFSim/systemc-2.3.3/build/CMakeFiles/CMakeTmp'
Building C object CMakeFiles/cmTC_8becb.dir/CheckSymbolExists.c.o
/usr/bin/cc    -o CMakeFiles/cmTC_8becb.dir/CheckSymbolExists.c.o -c /home/pedrosa/OneDrive/Code/TFSim/systemc-2.3.3/build/CMakeFiles/CMakeTmp/CheckSymbolExists.c
/home/pedrosa/OneDrive/Code/TFSim/systemc-2.3.3/build/CMakeFiles/CMakeTmp/CheckSymbolExists.c: In function ‘main’:
/home/pedrosa/OneDrive/Code/TFSim/systemc-2.3.3/build/CMakeFiles/CMakeTmp/CheckSymbolExists.c:7:19: error: ‘__powerpc’ undeclared (first use in this function)
    7 |   return ((int*)(&__powerpc))[argc];
      |                   ^~~~~~~~~
/home/pedrosa/OneDrive/Code/TFSim/systemc-2.3.3/build/CMakeFiles/CMakeTmp/CheckSymbolExists.c:7:19: note: each undeclared identifier is reported only once for each function it appears in
gmake[1]: *** [CMakeFiles/cmTC_8becb.dir/build.make:78: CMakeFiles/cmTC_8becb.dir/CheckSymbolExists.c.o] Error 1
gmake[1]: Leaving directory '/home/pedrosa/OneDrive/Code/TFSim/systemc-2.3.3/build/CMakeFiles/CMakeTmp'
gmake: *** [Makefile:127: cmTC_8becb/fast] Error 2


File /home/pedrosa/OneDrive/Code/TFSim/systemc-2.3.3/build/CMakeFiles/CMakeTmp/CheckSymbolExists.c:
/* */

int main(int argc, char** argv)
{
  (void)argv;
#ifndef __powerpc
  return ((int*)(&__powerpc))[argc];
#else
  (void)argc;
  return 0;
#endif
}
